{"/Users/danielpiresquirino/Desktop/ufmg/teste-de-software/teste-de-software/app/customerService.js": {"path":"/Users/danielpiresquirino/Desktop/ufmg/teste-de-software/teste-de-software/app/customerService.js","statementMap":{"0":{"start":{"line":3,"column":8},"end":{"line":3,"column":28}},"1":{"start":{"line":4,"column":8},"end":{"line":4,"column":35}},"2":{"start":{"line":8,"column":25},"end":{"line":12,"column":9}},"3":{"start":{"line":13,"column":8},"end":{"line":13,"column":38}},"4":{"start":{"line":14,"column":8},"end":{"line":14,"column":24}},"5":{"start":{"line":18,"column":8},"end":{"line":18,"column":30}},"6":{"start":{"line":22,"column":8},"end":{"line":22,"column":77}},"7":{"start":{"line":22,"column":49},"end":{"line":22,"column":75}},"8":{"start":{"line":26,"column":25},"end":{"line":26,"column":58}},"9":{"start":{"line":27,"column":8},"end":{"line":27,"column":84}},"10":{"start":{"line":27,"column":23},"end":{"line":27,"column":84}},"11":{"start":{"line":28,"column":8},"end":{"line":28,"column":41}},"12":{"start":{"line":29,"column":8},"end":{"line":29,"column":24}},"13":{"start":{"line":33,"column":22},"end":{"line":33,"column":88}},"14":{"start":{"line":33,"column":61},"end":{"line":33,"column":87}},"15":{"start":{"line":34,"column":8},"end":{"line":34,"column":87}},"16":{"start":{"line":34,"column":26},"end":{"line":34,"column":87}},"17":{"start":{"line":35,"column":8},"end":{"line":35,"column":40}},"18":{"start":{"line":36,"column":8},"end":{"line":36,"column":20}},"19":{"start":{"line":40,"column":0},"end":{"line":40,"column":33}}},"fnMap":{"0":{"name":"(anonymous_0)","decl":{"start":{"line":2,"column":4},"end":{"line":2,"column":5}},"loc":{"start":{"line":2,"column":18},"end":{"line":5,"column":5}},"line":2},"1":{"name":"(anonymous_1)","decl":{"start":{"line":7,"column":4},"end":{"line":7,"column":5}},"loc":{"start":{"line":7,"column":29},"end":{"line":15,"column":5}},"line":7},"2":{"name":"(anonymous_2)","decl":{"start":{"line":17,"column":4},"end":{"line":17,"column":5}},"loc":{"start":{"line":17,"column":20},"end":{"line":19,"column":5}},"line":17},"3":{"name":"(anonymous_3)","decl":{"start":{"line":21,"column":4},"end":{"line":21,"column":5}},"loc":{"start":{"line":21,"column":33},"end":{"line":23,"column":5}},"line":21},"4":{"name":"(anonymous_4)","decl":{"start":{"line":22,"column":35},"end":{"line":22,"column":36}},"loc":{"start":{"line":22,"column":49},"end":{"line":22,"column":75}},"line":22},"5":{"name":"(anonymous_5)","decl":{"start":{"line":25,"column":4},"end":{"line":25,"column":5}},"loc":{"start":{"line":25,"column":40},"end":{"line":30,"column":5}},"line":25},"6":{"name":"(anonymous_6)","decl":{"start":{"line":32,"column":4},"end":{"line":32,"column":5}},"loc":{"start":{"line":32,"column":31},"end":{"line":37,"column":5}},"line":32},"7":{"name":"(anonymous_7)","decl":{"start":{"line":33,"column":47},"end":{"line":33,"column":48}},"loc":{"start":{"line":33,"column":61},"end":{"line":33,"column":87}},"line":33}},"branchMap":{"0":{"loc":{"start":{"line":27,"column":8},"end":{"line":27,"column":84}},"type":"if","locations":[{"start":{"line":27,"column":8},"end":{"line":27,"column":84}},{"start":{},"end":{}}],"line":27},"1":{"loc":{"start":{"line":34,"column":8},"end":{"line":34,"column":87}},"type":"if","locations":[{"start":{"line":34,"column":8},"end":{"line":34,"column":87}},{"start":{},"end":{}}],"line":34}},"s":{"0":14,"1":14,"2":11,"3":11,"4":11,"5":2,"6":9,"7":7,"8":2,"9":2,"10":1,"11":1,"12":1,"13":2,"14":1,"15":2,"16":1,"17":1,"18":1,"19":2},"f":{"0":14,"1":11,"2":2,"3":9,"4":7,"5":2,"6":2,"7":1},"b":{"0":[1,1],"1":[1,1]},"_coverageSchema":"1a1c01bbd47fc00a2c39e90264f33305004495a9","hash":"535aa2f8d7f8dec5ff1170c774f6d99ac287dfcc"}
,"/Users/danielpiresquirino/Desktop/ufmg/teste-de-software/teste-de-software/app/invoiceService.js": {"path":"/Users/danielpiresquirino/Desktop/ufmg/teste-de-software/teste-de-software/app/invoiceService.js","statementMap":{"0":{"start":{"line":3,"column":8},"end":{"line":3,"column":47}},"1":{"start":{"line":4,"column":8},"end":{"line":4,"column":45}},"2":{"start":{"line":5,"column":8},"end":{"line":5,"column":27}},"3":{"start":{"line":6,"column":8},"end":{"line":6,"column":34}},"4":{"start":{"line":10,"column":25},"end":{"line":10,"column":74}},"5":{"start":{"line":11,"column":8},"end":{"line":11,"column":84}},"6":{"start":{"line":11,"column":23},"end":{"line":11,"column":84}},"7":{"start":{"line":13,"column":25},"end":{"line":17,"column":10}},"8":{"start":{"line":14,"column":28},"end":{"line":14,"column":74}},"9":{"start":{"line":15,"column":12},"end":{"line":15,"column":85}},"10":{"start":{"line":15,"column":26},"end":{"line":15,"column":85}},"11":{"start":{"line":16,"column":12},"end":{"line":16,"column":27}},"12":{"start":{"line":19,"column":22},"end":{"line":19,"column":79}},"13":{"start":{"line":19,"column":56},"end":{"line":19,"column":75}},"14":{"start":{"line":21,"column":24},"end":{"line":27,"column":9}},"15":{"start":{"line":28,"column":8},"end":{"line":28,"column":36}},"16":{"start":{"line":29,"column":8},"end":{"line":29,"column":23}},"17":{"start":{"line":33,"column":8},"end":{"line":39,"column":12}},"18":{"start":{"line":33,"column":47},"end":{"line":39,"column":9}},"19":{"start":{"line":35,"column":57},"end":{"line":38,"column":13}},"20":{"start":{"line":43,"column":8},"end":{"line":43,"column":73}},"21":{"start":{"line":43,"column":47},"end":{"line":43,"column":71}},"22":{"start":{"line":47,"column":22},"end":{"line":47,"column":84}},"23":{"start":{"line":47,"column":59},"end":{"line":47,"column":83}},"24":{"start":{"line":48,"column":8},"end":{"line":48,"column":85}},"25":{"start":{"line":48,"column":26},"end":{"line":48,"column":85}},"26":{"start":{"line":49,"column":8},"end":{"line":49,"column":39}},"27":{"start":{"line":50,"column":8},"end":{"line":50,"column":20}},"28":{"start":{"line":54,"column":0},"end":{"line":54,"column":32}}},"fnMap":{"0":{"name":"(anonymous_0)","decl":{"start":{"line":2,"column":4},"end":{"line":2,"column":5}},"loc":{"start":{"line":2,"column":49},"end":{"line":7,"column":5}},"line":2},"1":{"name":"(anonymous_1)","decl":{"start":{"line":9,"column":4},"end":{"line":9,"column":5}},"loc":{"start":{"line":9,"column":48},"end":{"line":30,"column":5}},"line":9},"2":{"name":"(anonymous_2)","decl":{"start":{"line":13,"column":40},"end":{"line":13,"column":41}},"loc":{"start":{"line":13,"column":55},"end":{"line":17,"column":9}},"line":13},"3":{"name":"(anonymous_3)","decl":{"start":{"line":19,"column":38},"end":{"line":19,"column":39}},"loc":{"start":{"line":19,"column":56},"end":{"line":19,"column":75}},"line":19},"4":{"name":"(anonymous_4)","decl":{"start":{"line":32,"column":4},"end":{"line":32,"column":5}},"loc":{"start":{"line":32,"column":19},"end":{"line":40,"column":5}},"line":32},"5":{"name":"(anonymous_5)","decl":{"start":{"line":33,"column":33},"end":{"line":33,"column":34}},"loc":{"start":{"line":33,"column":47},"end":{"line":39,"column":9}},"line":33},"6":{"name":"(anonymous_6)","decl":{"start":{"line":35,"column":43},"end":{"line":35,"column":44}},"loc":{"start":{"line":35,"column":57},"end":{"line":38,"column":13}},"line":35},"7":{"name":"(anonymous_7)","decl":{"start":{"line":42,"column":4},"end":{"line":42,"column":5}},"loc":{"start":{"line":42,"column":31},"end":{"line":44,"column":5}},"line":42},"8":{"name":"(anonymous_8)","decl":{"start":{"line":43,"column":34},"end":{"line":43,"column":35}},"loc":{"start":{"line":43,"column":47},"end":{"line":43,"column":71}},"line":43},"9":{"name":"(anonymous_9)","decl":{"start":{"line":46,"column":4},"end":{"line":46,"column":5}},"loc":{"start":{"line":46,"column":29},"end":{"line":51,"column":5}},"line":46},"10":{"name":"(anonymous_10)","decl":{"start":{"line":47,"column":46},"end":{"line":47,"column":47}},"loc":{"start":{"line":47,"column":59},"end":{"line":47,"column":83}},"line":47}},"branchMap":{"0":{"loc":{"start":{"line":11,"column":8},"end":{"line":11,"column":84}},"type":"if","locations":[{"start":{"line":11,"column":8},"end":{"line":11,"column":84}},{"start":{},"end":{}}],"line":11},"1":{"loc":{"start":{"line":15,"column":12},"end":{"line":15,"column":85}},"type":"if","locations":[{"start":{"line":15,"column":12},"end":{"line":15,"column":85}},{"start":{},"end":{}}],"line":15},"2":{"loc":{"start":{"line":25,"column":18},"end":{"line":25,"column":36}},"type":"binary-expr","locations":[{"start":{"line":25,"column":18},"end":{"line":25,"column":22}},{"start":{"line":25,"column":26},"end":{"line":25,"column":36}}],"line":25},"3":{"loc":{"start":{"line":48,"column":8},"end":{"line":48,"column":85}},"type":"if","locations":[{"start":{"line":48,"column":8},"end":{"line":48,"column":85}},{"start":{},"end":{}}],"line":48}},"s":{"0":7,"1":7,"2":7,"3":7,"4":6,"5":6,"6":1,"7":5,"8":7,"9":7,"10":1,"11":6,"12":4,"13":6,"14":4,"15":4,"16":4,"17":2,"18":1,"19":2,"20":1,"21":1,"22":2,"23":1,"24":2,"25":1,"26":1,"27":1,"28":1},"f":{"0":7,"1":6,"2":7,"3":6,"4":2,"5":1,"6":2,"7":1,"8":1,"9":2,"10":1},"b":{"0":[1,5],"1":[1,6],"2":[4,4],"3":[1,1]},"_coverageSchema":"1a1c01bbd47fc00a2c39e90264f33305004495a9","hash":"bfab018fcfab3a074e8564238fd18fbe56c8a3dd"}
,"/Users/danielpiresquirino/Desktop/ufmg/teste-de-software/teste-de-software/app/main.js": {"path":"/Users/danielpiresquirino/Desktop/ufmg/teste-de-software/teste-de-software/app/main.js","statementMap":{"0":{"start":{"line":1,"column":17},"end":{"line":1,"column":36}},"1":{"start":{"line":2,"column":24},"end":{"line":2,"column":52}},"2":{"start":{"line":3,"column":23},"end":{"line":3,"column":50}},"3":{"start":{"line":4,"column":23},"end":{"line":4,"column":50}},"4":{"start":{"line":6,"column":24},"end":{"line":6,"column":45}},"5":{"start":{"line":7,"column":23},"end":{"line":7,"column":43}},"6":{"start":{"line":8,"column":23},"end":{"line":8,"column":74}},"7":{"start":{"line":10,"column":11},"end":{"line":13,"column":2}},"8":{"start":{"line":16,"column":4},"end":{"line":16,"column":52}},"9":{"start":{"line":17,"column":4},"end":{"line":17,"column":40}},"10":{"start":{"line":18,"column":4},"end":{"line":18,"column":38}},"11":{"start":{"line":19,"column":4},"end":{"line":19,"column":40}},"12":{"start":{"line":20,"column":4},"end":{"line":20,"column":38}},"13":{"start":{"line":21,"column":4},"end":{"line":21,"column":35}},"14":{"start":{"line":22,"column":4},"end":{"line":22,"column":37}},"15":{"start":{"line":23,"column":4},"end":{"line":23,"column":27}},"16":{"start":{"line":24,"column":4},"end":{"line":24,"column":51}},"17":{"start":{"line":28,"column":4},"end":{"line":103,"column":5}},"18":{"start":{"line":30,"column":12},"end":{"line":36,"column":15}},"19":{"start":{"line":31,"column":16},"end":{"line":35,"column":19}},"20":{"start":{"line":32,"column":37},"end":{"line":32,"column":77}},"21":{"start":{"line":33,"column":20},"end":{"line":33,"column":83}},"22":{"start":{"line":34,"column":20},"end":{"line":34,"column":31}},"23":{"start":{"line":37,"column":12},"end":{"line":37,"column":18}},"24":{"start":{"line":40,"column":12},"end":{"line":40,"column":37}},"25":{"start":{"line":41,"column":12},"end":{"line":41,"column":57}},"26":{"start":{"line":42,"column":12},"end":{"line":42,"column":23}},"27":{"start":{"line":43,"column":12},"end":{"line":43,"column":18}},"28":{"start":{"line":46,"column":12},"end":{"line":52,"column":15}},"29":{"start":{"line":47,"column":16},"end":{"line":51,"column":19}},"30":{"start":{"line":48,"column":36},"end":{"line":48,"column":86}},"31":{"start":{"line":49,"column":20},"end":{"line":49,"column":82}},"32":{"start":{"line":50,"column":20},"end":{"line":50,"column":31}},"33":{"start":{"line":53,"column":12},"end":{"line":53,"column":18}},"34":{"start":{"line":56,"column":12},"end":{"line":56,"column":37}},"35":{"start":{"line":57,"column":12},"end":{"line":57,"column":55}},"36":{"start":{"line":58,"column":12},"end":{"line":58,"column":23}},"37":{"start":{"line":59,"column":12},"end":{"line":59,"column":18}},"38":{"start":{"line":62,"column":12},"end":{"line":73,"column":15}},"39":{"start":{"line":63,"column":16},"end":{"line":72,"column":19}},"40":{"start":{"line":64,"column":43},"end":{"line":64,"column":101}},"41":{"start":{"line":64,"column":77},"end":{"line":64,"column":100}},"42":{"start":{"line":65,"column":20},"end":{"line":70,"column":21}},"43":{"start":{"line":66,"column":40},"end":{"line":66,"column":110}},"44":{"start":{"line":67,"column":24},"end":{"line":67,"column":81}},"45":{"start":{"line":69,"column":24},"end":{"line":69,"column":53}},"46":{"start":{"line":71,"column":20},"end":{"line":71,"column":31}},"47":{"start":{"line":74,"column":12},"end":{"line":74,"column":18}},"48":{"start":{"line":77,"column":29},"end":{"line":77,"column":58}},"49":{"start":{"line":78,"column":12},"end":{"line":90,"column":13}},"50":{"start":{"line":79,"column":16},"end":{"line":79,"column":58}},"51":{"start":{"line":81,"column":16},"end":{"line":81,"column":40}},"52":{"start":{"line":82,"column":16},"end":{"line":89,"column":19}},"53":{"start":{"line":83,"column":20},"end":{"line":83,"column":56}},"54":{"start":{"line":84,"column":20},"end":{"line":84,"column":68}},"55":{"start":{"line":85,"column":20},"end":{"line":85,"column":45}},"56":{"start":{"line":86,"column":20},"end":{"line":88,"column":23}},"57":{"start":{"line":87,"column":24},"end":{"line":87,"column":78}},"58":{"start":{"line":91,"column":12},"end":{"line":91,"column":23}},"59":{"start":{"line":92,"column":12},"end":{"line":92,"column":18}},"60":{"start":{"line":95,"column":12},"end":{"line":95,"column":37}},"61":{"start":{"line":96,"column":12},"end":{"line":96,"column":23}},"62":{"start":{"line":97,"column":12},"end":{"line":97,"column":18}},"63":{"start":{"line":100,"column":12},"end":{"line":100,"column":43}},"64":{"start":{"line":101,"column":12},"end":{"line":101,"column":23}},"65":{"start":{"line":102,"column":12},"end":{"line":102,"column":18}},"66":{"start":{"line":106,"column":0},"end":{"line":106,"column":11}}},"fnMap":{"0":{"name":"showMenu","decl":{"start":{"line":15,"column":9},"end":{"line":15,"column":17}},"loc":{"start":{"line":15,"column":20},"end":{"line":25,"column":1}},"line":15},"1":{"name":"handleMenu","decl":{"start":{"line":27,"column":9},"end":{"line":27,"column":19}},"loc":{"start":{"line":27,"column":28},"end":{"line":104,"column":1}},"line":27},"2":{"name":"(anonymous_2)","decl":{"start":{"line":30,"column":45},"end":{"line":30,"column":46}},"loc":{"start":{"line":30,"column":55},"end":{"line":36,"column":13}},"line":30},"3":{"name":"(anonymous_3)","decl":{"start":{"line":31,"column":51},"end":{"line":31,"column":52}},"loc":{"start":{"line":31,"column":62},"end":{"line":35,"column":17}},"line":31},"4":{"name":"(anonymous_4)","decl":{"start":{"line":46,"column":45},"end":{"line":46,"column":46}},"loc":{"start":{"line":46,"column":55},"end":{"line":52,"column":13}},"line":46},"5":{"name":"(anonymous_5)","decl":{"start":{"line":47,"column":50},"end":{"line":47,"column":51}},"loc":{"start":{"line":47,"column":61},"end":{"line":51,"column":17}},"line":47},"6":{"name":"(anonymous_6)","decl":{"start":{"line":62,"column":43},"end":{"line":62,"column":44}},"loc":{"start":{"line":62,"column":59},"end":{"line":73,"column":13}},"line":62},"7":{"name":"(anonymous_7)","decl":{"start":{"line":63,"column":74},"end":{"line":63,"column":75}},"loc":{"start":{"line":63,"column":90},"end":{"line":72,"column":17}},"line":63},"8":{"name":"(anonymous_8)","decl":{"start":{"line":64,"column":69},"end":{"line":64,"column":70}},"loc":{"start":{"line":64,"column":77},"end":{"line":64,"column":100}},"line":64},"9":{"name":"(anonymous_9)","decl":{"start":{"line":82,"column":33},"end":{"line":82,"column":34}},"loc":{"start":{"line":82,"column":53},"end":{"line":89,"column":17}},"line":82},"10":{"name":"(anonymous_10)","decl":{"start":{"line":86,"column":45},"end":{"line":86,"column":46}},"loc":{"start":{"line":86,"column":58},"end":{"line":88,"column":21}},"line":86}},"branchMap":{"0":{"loc":{"start":{"line":28,"column":4},"end":{"line":103,"column":5}},"type":"switch","locations":[{"start":{"line":29,"column":8},"end":{"line":37,"column":18}},{"start":{"line":39,"column":8},"end":{"line":43,"column":18}},{"start":{"line":45,"column":8},"end":{"line":53,"column":18}},{"start":{"line":55,"column":8},"end":{"line":59,"column":18}},{"start":{"line":61,"column":8},"end":{"line":74,"column":18}},{"start":{"line":76,"column":8},"end":{"line":92,"column":18}},{"start":{"line":94,"column":8},"end":{"line":97,"column":18}},{"start":{"line":99,"column":8},"end":{"line":102,"column":18}}],"line":28},"1":{"loc":{"start":{"line":78,"column":12},"end":{"line":90,"column":13}},"type":"if","locations":[{"start":{"line":78,"column":12},"end":{"line":90,"column":13}},{"start":{"line":80,"column":19},"end":{"line":90,"column":13}}],"line":78}},"s":{"0":0,"1":0,"2":0,"3":0,"4":0,"5":0,"6":0,"7":0,"8":0,"9":0,"10":0,"11":0,"12":0,"13":0,"14":0,"15":0,"16":0,"17":0,"18":0,"19":0,"20":0,"21":0,"22":0,"23":0,"24":0,"25":0,"26":0,"27":0,"28":0,"29":0,"30":0,"31":0,"32":0,"33":0,"34":0,"35":0,"36":0,"37":0,"38":0,"39":0,"40":0,"41":0,"42":0,"43":0,"44":0,"45":0,"46":0,"47":0,"48":0,"49":0,"50":0,"51":0,"52":0,"53":0,"54":0,"55":0,"56":0,"57":0,"58":0,"59":0,"60":0,"61":0,"62":0,"63":0,"64":0,"65":0,"66":0},"f":{"0":0,"1":0,"2":0,"3":0,"4":0,"5":0,"6":0,"7":0,"8":0,"9":0,"10":0},"b":{"0":[0,0,0,0,0,0,0,0],"1":[0,0]}}
,"/Users/danielpiresquirino/Desktop/ufmg/teste-de-software/teste-de-software/app/productService.js": {"path":"/Users/danielpiresquirino/Desktop/ufmg/teste-de-software/teste-de-software/app/productService.js","statementMap":{"0":{"start":{"line":3,"column":8},"end":{"line":3,"column":27}},"1":{"start":{"line":4,"column":8},"end":{"line":4,"column":34}},"2":{"start":{"line":8,"column":24},"end":{"line":12,"column":9}},"3":{"start":{"line":13,"column":8},"end":{"line":13,"column":36}},"4":{"start":{"line":14,"column":8},"end":{"line":14,"column":23}},"5":{"start":{"line":18,"column":8},"end":{"line":18,"column":29}},"6":{"start":{"line":22,"column":8},"end":{"line":22,"column":73}},"7":{"start":{"line":22,"column":47},"end":{"line":22,"column":71}},"8":{"start":{"line":26,"column":24},"end":{"line":26,"column":55}},"9":{"start":{"line":27,"column":8},"end":{"line":27,"column":81}},"10":{"start":{"line":27,"column":22},"end":{"line":27,"column":81}},"11":{"start":{"line":28,"column":8},"end":{"line":28,"column":40}},"12":{"start":{"line":29,"column":8},"end":{"line":29,"column":23}},"13":{"start":{"line":33,"column":22},"end":{"line":33,"column":84}},"14":{"start":{"line":33,"column":59},"end":{"line":33,"column":83}},"15":{"start":{"line":34,"column":8},"end":{"line":34,"column":85}},"16":{"start":{"line":34,"column":26},"end":{"line":34,"column":85}},"17":{"start":{"line":35,"column":8},"end":{"line":35,"column":39}},"18":{"start":{"line":36,"column":8},"end":{"line":36,"column":20}},"19":{"start":{"line":40,"column":0},"end":{"line":40,"column":32}}},"fnMap":{"0":{"name":"(anonymous_0)","decl":{"start":{"line":2,"column":4},"end":{"line":2,"column":5}},"loc":{"start":{"line":2,"column":18},"end":{"line":5,"column":5}},"line":2},"1":{"name":"(anonymous_1)","decl":{"start":{"line":7,"column":4},"end":{"line":7,"column":5}},"loc":{"start":{"line":7,"column":28},"end":{"line":15,"column":5}},"line":7},"2":{"name":"(anonymous_2)","decl":{"start":{"line":17,"column":4},"end":{"line":17,"column":5}},"loc":{"start":{"line":17,"column":19},"end":{"line":19,"column":5}},"line":17},"3":{"name":"(anonymous_3)","decl":{"start":{"line":21,"column":4},"end":{"line":21,"column":5}},"loc":{"start":{"line":21,"column":31},"end":{"line":23,"column":5}},"line":21},"4":{"name":"(anonymous_4)","decl":{"start":{"line":22,"column":34},"end":{"line":22,"column":35}},"loc":{"start":{"line":22,"column":47},"end":{"line":22,"column":71}},"line":22},"5":{"name":"(anonymous_5)","decl":{"start":{"line":25,"column":4},"end":{"line":25,"column":5}},"loc":{"start":{"line":25,"column":38},"end":{"line":30,"column":5}},"line":25},"6":{"name":"(anonymous_6)","decl":{"start":{"line":32,"column":4},"end":{"line":32,"column":5}},"loc":{"start":{"line":32,"column":29},"end":{"line":37,"column":5}},"line":32},"7":{"name":"(anonymous_7)","decl":{"start":{"line":33,"column":46},"end":{"line":33,"column":47}},"loc":{"start":{"line":33,"column":59},"end":{"line":33,"column":83}},"line":33}},"branchMap":{"0":{"loc":{"start":{"line":27,"column":8},"end":{"line":27,"column":81}},"type":"if","locations":[{"start":{"line":27,"column":8},"end":{"line":27,"column":81}},{"start":{},"end":{}}],"line":27},"1":{"loc":{"start":{"line":34,"column":8},"end":{"line":34,"column":85}},"type":"if","locations":[{"start":{"line":34,"column":8},"end":{"line":34,"column":85}},{"start":{},"end":{}}],"line":34}},"s":{"0":14,"1":14,"2":13,"3":13,"4":13,"5":2,"6":10,"7":10,"8":2,"9":2,"10":1,"11":1,"12":1,"13":2,"14":1,"15":2,"16":1,"17":1,"18":1,"19":2},"f":{"0":14,"1":13,"2":2,"3":10,"4":10,"5":2,"6":2,"7":1},"b":{"0":[1,1],"1":[1,1]},"_coverageSchema":"1a1c01bbd47fc00a2c39e90264f33305004495a9","hash":"55935fb9cce1d1d193d540fc5d7b119834f64469"}
}
